2021-12-06 17:50:20
[WinError 3] 系统找不到指定的路径。: 'QS/USNews Graduation Rate'
Open html_file canceled (e001)

2021-12-06 17:59:18
[WinError 3] 系统找不到指定的路径。: 'QS/USNews Graduation Rate'
Open html_file canceled (e001)

2021-12-06 18:01:55
[WinError 3] 系统找不到指定的路径。: 'QS/USNews Graduation Rate'
Open html_file canceled (e001)

2021-12-06 18:02:05
[WinError 3] 系统找不到指定的路径。: 'QS/USNews Graduation Rate'
Open html_file canceled (e001)

2021-12-06 18:03:26
[WinError 3] 系统找不到指定的路径。: 'QS/USNews Graduation Rate'
Open html_file canceled (e001)

2021-12-06 18:04:42
int() argument must be a string, a bytes-like object or a number, not 'NoneType'
Unknown error (e002)

2021-12-06 18:07:20
int() argument must be a string, a bytes-like object or a number, not 'NoneType'
Unknown error (e002)

2021-12-06 18:07:51
int() argument must be a string, a bytes-like object or a number, not 'NoneType'
Unknown error (e002)

2021-12-06 18:08:59
invalid literal for int() with base 10: '#2'
Unknown error (e002)

2021-12-06 18:39:50
[WinError 183] 当文件已存在时，无法创建该文件。: 'QS_USNews Graduation Rate'
Unknown error (e002)

2021-12-06 20:37:37
itemXY_2D() got multiple values for argument 'figSize_wid_len'
Unknown error (e002)

2021-12-06 21:06:08
shape mismatch: objects cannot be broadcast to a single shape
Unknown error (e002)

2021-12-06 21:14:49
shape mismatch: objects cannot be broadcast to a single shape
Unknown error (e002)

2021-12-07 01:38:59
alpha (3) is outside 0-1 range
Unknown error (e002)

2021-12-07 01:53:51
3
Unknown error (e002)

2021-12-07 01:54:25
3
Unknown error (e002)

2021-12-07 01:54:40
3
Unknown error (e002)

2021-12-07 01:55:20
3
Unknown error (e002)

2021-12-07 01:55:35
could not convert string to float: '=3'
Unknown error (e002)

2021-12-07 11:43:13
can only concatenate str (not "float") to str
Unknown error (e002)

